Using pre-set license
Built from '2020.3/release' branch; Version is '2020.3.27f1 (e759542391ea) revision 15161684'; Using compiler version '192528614'; Build Type 'Release'
OS: 'Windows 11  (10.0.22000) 64bit Core' Language: 'en' Physical Memory: 16253 MB
BatchMode: 1, IsHumanControllingUs: 0, StartBugReporterOnCrash: 0, Is64bit: 1, IsPro: 0

COMMAND LINE ARGUMENTS:
E:\Unity\2020.3.27f1\Editor\Unity.exe
-adb2
-batchMode
-noUpm
-name
AssetImportWorker0
-projectPath
E:/Unity/Aspect
-logFile
Logs/AssetImportWorker0.log
-srvPort
63595
Successfully changed project path to: E:/Unity/Aspect
E:/Unity/Aspect
Using Asset Import Pipeline V2.
Refreshing native plugins compatible for Editor in 35.64 ms, found 2 plugins.
Preloading 0 native plugins for Editor in 0.00 ms.
Initialize engine version: 2020.3.27f1 (e759542391ea)
[Subsystems] Discovering subsystems at path E:/Unity/2020.3.27f1/Editor/Data/Resources/UnitySubsystems
[Subsystems] Discovering subsystems at path E:/Unity/Aspect/Assets
GfxDevice: creating device client; threaded=0
Direct3D:
    Version:  Direct3D 11.0 [level 11.1]
    Renderer: NVIDIA GeForce GTX 1660 Ti (ID=0x2191)
    Vendor:   
    VRAM:     5991 MB
    Driver:   27.21.14.5749
Initialize mono
Mono path[0] = 'E:/Unity/2020.3.27f1/Editor/Data/Managed'
Mono path[1] = 'E:/Unity/2020.3.27f1/Editor/Data/MonoBleedingEdge/lib/mono/unityjit'
Mono config path = 'E:/Unity/2020.3.27f1/Editor/Data/MonoBleedingEdge/etc'
Using monoOptions --debugger-agent=transport=dt_socket,embedding=1,server=y,suspend=n,address=127.0.0.1:56888
Begin MonoManager ReloadAssembly
Registering precompiled unity dll's ...
Register platform support module: E:/Unity/2020.3.27f1/Editor/Data/PlaybackEngines/WebGLSupport/UnityEditor.WebGL.Extensions.dll
Register platform support module: E:/Unity/2020.3.27f1/Editor/Data/PlaybackEngines/WindowsStandaloneSupport/UnityEditor.WindowsStandalone.Extensions.dll
Registered in 0.000835 seconds.
Native extension for WindowsStandalone target not found
Native extension for WebGL target not found
Refreshing native plugins compatible for Editor in 37.28 ms, found 2 plugins.
Preloading 0 native plugins for Editor in 0.00 ms.
Mono: successfully reloaded assembly
- Completed reload, in  0.614 seconds
Domain Reload Profiling:
	ReloadAssembly (614ms)
		BeginReloadAssembly (59ms)
			ExecutionOrderSort (0ms)
			DisableScriptedObjects (0ms)
			BackupInstance (0ms)
			ReleaseScriptingObjects (0ms)
			CreateAndSetChildDomain (1ms)
		EndReloadAssembly (493ms)
			LoadAssemblies (58ms)
			RebuildTransferFunctionScriptingTraits (0ms)
			SetupTypeCache (159ms)
			ReleaseScriptCaches (0ms)
			RebuildScriptCaches (40ms)
			SetupLoadedEditorAssemblies (183ms)
				LogAssemblyErrors (0ms)
				InitializePlatformSupportModulesInManaged (5ms)
				SetLoadedEditorAssemblies (1ms)
				RefreshPlugins (37ms)
				BeforeProcessingInitializeOnLoad (8ms)
				ProcessInitializeOnLoadAttributes (102ms)
				ProcessInitializeOnLoadMethodAttributes (30ms)
				AfterProcessingInitializeOnLoad (0ms)
				EditorAssembliesLoaded (0ms)
			ExecutionOrderSort2 (0ms)
			AwakeInstancesAfterBackupRestoration (0ms)
Platform modules already initialized, skipping
Registering precompiled user dll's ...
Registered in 0.005331 seconds.
Begin MonoManager ReloadAssembly
Native extension for WindowsStandalone target not found
Native extension for WebGL target not found
Refreshing native plugins compatible for Editor in 0.44 ms, found 2 plugins.
Preloading 0 native plugins for Editor in 0.00 ms.
Mono: successfully reloaded assembly
- Completed reload, in  1.074 seconds
Domain Reload Profiling:
	ReloadAssembly (1075ms)
		BeginReloadAssembly (148ms)
			ExecutionOrderSort (0ms)
			DisableScriptedObjects (6ms)
			BackupInstance (0ms)
			ReleaseScriptingObjects (0ms)
			CreateAndSetChildDomain (22ms)
		EndReloadAssembly (866ms)
			LoadAssemblies (90ms)
			RebuildTransferFunctionScriptingTraits (0ms)
			SetupTypeCache (299ms)
			ReleaseScriptCaches (0ms)
			RebuildScriptCaches (48ms)
			SetupLoadedEditorAssemblies (328ms)
				LogAssemblyErrors (0ms)
				InitializePlatformSupportModulesInManaged (5ms)
				SetLoadedEditorAssemblies (0ms)
				RefreshPlugins (0ms)
				BeforeProcessingInitializeOnLoad (61ms)
				ProcessInitializeOnLoadAttributes (247ms)
				ProcessInitializeOnLoadMethodAttributes (12ms)
				AfterProcessingInitializeOnLoad (1ms)
				EditorAssembliesLoaded (0ms)
			ExecutionOrderSort2 (0ms)
			AwakeInstancesAfterBackupRestoration (7ms)
Platform modules already initialized, skipping
========================================================================
Worker process is ready to serve import requests
Launched and connected shader compiler UnityShaderCompiler.exe after 0.06 seconds
Refreshing native plugins compatible for Editor in 0.51 ms, found 2 plugins.
Preloading 0 native plugins for Editor in 0.00 ms.
Unloading 1857 Unused Serialized files (Serialized files now loaded: 0)
System memory in use before: 79.5 MB.
System memory in use after: 79.5 MB.

Unloading 21 unused Assets to reduce memory usage. Loaded Objects now: 2291.
Total: 3.508600 ms (FindLiveObjects: 0.206400 ms CreateObjectMapping: 0.071000 ms MarkObjects: 3.142600 ms  DeleteObjects: 0.086700 ms)

AssetImportParameters requested are different than current active one (requested -> active):
  custom:framework-win-MediaFoundation: 216162199b28c13a410421893ffa2e32 -> 
  custom:video-decoder-ogg-theora: a1e56fd34408186e4bbccfd4996cb3dc -> 
  custom:container-muxer-webm: aa71ff27fc2769a1b78a27578f13a17b -> 
  custom:container-demuxer-webm: 4f35f7cbe854078d1ac9338744f61a02 -> 
  custom:container-demuxer-ogg: 62fdf1f143b41e24485cea50d1cbac27 -> 
  custom:video-encoder-webm-vp8: eb34c28f22e8b96e1ab97ce403110664 -> 
  custom:video-codec-MediaFoundation-h265: 746d11721c4dcdbdad8f713fa42b33f4 -> 
  custom:video-decoder-webm-vp8: 9c59270c3fd7afecdb556c50c9e8de78 -> 
  custom:audio-decoder-ogg-vorbis: bf7c407c2cedff20999df2af8eb42d56 -> 
  custom:audio-encoder-webm-vorbis: bf7c407c2cedff20999df2af8eb42d56 -> 
========================================================================
Received Import Request.
  path: Assets/Prefabs/Elements/Carbon.prefab
  artifactKey: Guid(fe2f693b570770f4bbe522e1bcb6554c) Importer(815301076,1909f56bfc062723c751e8b465ee728b)
Start importing Assets/Prefabs/Elements/Carbon.prefab using Guid(fe2f693b570770f4bbe522e1bcb6554c) Importer(815301076,1909f56bfc062723c751e8b465ee728b)  -> (artifact id: '6928906d50bf494e9f513be1df254632') in 0.165479 seconds 
  Import took 0.169450 seconds .

========================================================================
Received Import Request.
  Time since last request: 0.000281 seconds.
  path: Assets/Prefabs/Elements/Carbon.prefab
  artifactKey: Guid(fe2f693b570770f4bbe522e1bcb6554c) Importer(815301076,1909f56bfc062723c751e8b465ee728b)
Start importing Assets/Prefabs/Elements/Carbon.prefab using Guid(fe2f693b570770f4bbe522e1bcb6554c) Importer(815301076,1909f56bfc062723c751e8b465ee728b)  -> (artifact id: 'd20206ff96e1064ff9c5872348fa36f1') in 0.013633 seconds 
  Import took 0.017374 seconds .

========================================================================
Received Import Request.
  Time since last request: 2.225923 seconds.
  path: Assets/Prefabs/Elements/Carbon.prefab
  artifactKey: Guid(fe2f693b570770f4bbe522e1bcb6554c) Importer(815301076,1909f56bfc062723c751e8b465ee728b)
Start importing Assets/Prefabs/Elements/Carbon.prefab using Guid(fe2f693b570770f4bbe522e1bcb6554c) Importer(815301076,1909f56bfc062723c751e8b465ee728b)  -> (artifact id: 'e8b72e448cd5b5dce401152a14101331') in 0.021148 seconds 
  Import took 0.025410 seconds .

========================================================================
Received Import Request.
  Time since last request: 3.196305 seconds.
  path: Assets/Prefabs/Elements/Carbon.prefab
  artifactKey: Guid(fe2f693b570770f4bbe522e1bcb6554c) Importer(815301076,1909f56bfc062723c751e8b465ee728b)
Start importing Assets/Prefabs/Elements/Carbon.prefab using Guid(fe2f693b570770f4bbe522e1bcb6554c) Importer(815301076,1909f56bfc062723c751e8b465ee728b)  -> (artifact id: 'fd003588bb0a5bdbb536e84dd4a73b21') in 0.011887 seconds 
  Import took 0.015211 seconds .

========================================================================
Received Import Request.
  Time since last request: 4.622023 seconds.
  path: Assets/Prefabs/Elements/Carbon.prefab
  artifactKey: Guid(fe2f693b570770f4bbe522e1bcb6554c) Importer(815301076,1909f56bfc062723c751e8b465ee728b)
Start importing Assets/Prefabs/Elements/Carbon.prefab using Guid(fe2f693b570770f4bbe522e1bcb6554c) Importer(815301076,1909f56bfc062723c751e8b465ee728b)  -> (artifact id: '63bcb59a33f45c2403b9a54c2e68e8c1') in 0.013636 seconds 
  Import took 0.017797 seconds .

========================================================================
Received Import Request.
  Time since last request: 2.613431 seconds.
  path: Assets/Prefabs/Elements/Carbon.prefab
  artifactKey: Guid(fe2f693b570770f4bbe522e1bcb6554c) Importer(815301076,1909f56bfc062723c751e8b465ee728b)
Start importing Assets/Prefabs/Elements/Carbon.prefab using Guid(fe2f693b570770f4bbe522e1bcb6554c) Importer(815301076,1909f56bfc062723c751e8b465ee728b)  -> (artifact id: '553eb53f8815f065ef19e7344f075027') in 0.038533 seconds 
  Import took 0.042082 seconds .

========================================================================
Received Import Request.
  Time since last request: 51.241476 seconds.
  path: Assets/Prefabs/Elements/Carbon.prefab
  artifactKey: Guid(fe2f693b570770f4bbe522e1bcb6554c) Importer(815301076,1909f56bfc062723c751e8b465ee728b)
Start importing Assets/Prefabs/Elements/Carbon.prefab using Guid(fe2f693b570770f4bbe522e1bcb6554c) Importer(815301076,1909f56bfc062723c751e8b465ee728b)  -> (artifact id: '411d22e371e72e5cdaaf2c412320f82b') in 0.038591 seconds 
  Import took 0.042994 seconds .

========================================================================
Received Import Request.
  Time since last request: 3.193391 seconds.
  path: Assets/Prefabs/Elements/Carbon.prefab
  artifactKey: Guid(fe2f693b570770f4bbe522e1bcb6554c) Importer(815301076,1909f56bfc062723c751e8b465ee728b)
Start importing Assets/Prefabs/Elements/Carbon.prefab using Guid(fe2f693b570770f4bbe522e1bcb6554c) Importer(815301076,1909f56bfc062723c751e8b465ee728b)  -> (artifact id: 'cc533866fbf515aa71f121151b0cfbff') in 0.023123 seconds 
  Import took 0.028188 seconds .

========================================================================
Received Import Request.
  Time since last request: 29.884071 seconds.
  path: Assets/Prefabs/Elements/Carbon.prefab
  artifactKey: Guid(fe2f693b570770f4bbe522e1bcb6554c) Importer(815301076,1909f56bfc062723c751e8b465ee728b)
Start importing Assets/Prefabs/Elements/Carbon.prefab using Guid(fe2f693b570770f4bbe522e1bcb6554c) Importer(815301076,1909f56bfc062723c751e8b465ee728b)  -> (artifact id: 'e91b56c6696ed26dcbd04497c40f0a0b') in 0.023022 seconds 
  Import took 0.027897 seconds .

========================================================================
Received Import Request.
  Time since last request: 1.779788 seconds.
  path: Assets/Prefabs/Elements/Carbon.prefab
  artifactKey: Guid(fe2f693b570770f4bbe522e1bcb6554c) Importer(815301076,1909f56bfc062723c751e8b465ee728b)
Start importing Assets/Prefabs/Elements/Carbon.prefab using Guid(fe2f693b570770f4bbe522e1bcb6554c) Importer(815301076,1909f56bfc062723c751e8b465ee728b)  -> (artifact id: 'd634546a9014bf99fa826ae9009d51e5') in 0.016746 seconds 
  Import took 0.021669 seconds .

========================================================================
Received Import Request.
  Time since last request: 102.389910 seconds.
  path: Assets/Prefabs/Elements/Carbon.prefab
  artifactKey: Guid(fe2f693b570770f4bbe522e1bcb6554c) Importer(815301076,1909f56bfc062723c751e8b465ee728b)
Start importing Assets/Prefabs/Elements/Carbon.prefab using Guid(fe2f693b570770f4bbe522e1bcb6554c) Importer(815301076,1909f56bfc062723c751e8b465ee728b)  -> (artifact id: 'bf17e0dc436e9f2dfe6bd2521de90aa4') in 0.026467 seconds 
  Import took 0.031675 seconds .

========================================================================
Received Import Request.
  Time since last request: 1.380625 seconds.
  path: Assets/Prefabs/Elements/Carbon.prefab
  artifactKey: Guid(fe2f693b570770f4bbe522e1bcb6554c) Importer(815301076,1909f56bfc062723c751e8b465ee728b)
Start importing Assets/Prefabs/Elements/Carbon.prefab using Guid(fe2f693b570770f4bbe522e1bcb6554c) Importer(815301076,1909f56bfc062723c751e8b465ee728b)  -> (artifact id: '60d2f9849a4f7b899194c11d65a432ac') in 0.019314 seconds 
  Import took 0.024403 seconds .

========================================================================
Received Import Request.
  Time since last request: 4.909692 seconds.
  path: Assets/Prefabs/Elements/Carbon.prefab
  artifactKey: Guid(fe2f693b570770f4bbe522e1bcb6554c) Importer(815301076,1909f56bfc062723c751e8b465ee728b)
Start importing Assets/Prefabs/Elements/Carbon.prefab using Guid(fe2f693b570770f4bbe522e1bcb6554c) Importer(815301076,1909f56bfc062723c751e8b465ee728b)  -> (artifact id: '85abb2dc117d32894d47942524f7b836') in 0.019527 seconds 
  Import took 0.025011 seconds .

========================================================================
Received Import Request.
  Time since last request: 7.495277 seconds.
  path: Assets/Prefabs/Elements/Carbon.prefab
  artifactKey: Guid(fe2f693b570770f4bbe522e1bcb6554c) Importer(815301076,1909f56bfc062723c751e8b465ee728b)
Start importing Assets/Prefabs/Elements/Carbon.prefab using Guid(fe2f693b570770f4bbe522e1bcb6554c) Importer(815301076,1909f56bfc062723c751e8b465ee728b)  -> (artifact id: '6e960c0f308f3412f5bbb767f16563f0') in 0.020800 seconds 
  Import took 0.025534 seconds .

========================================================================
Received Import Request.
  Time since last request: 25.381798 seconds.
  path: Assets/Prefabs/Elements/Carbon.prefab
  artifactKey: Guid(fe2f693b570770f4bbe522e1bcb6554c) Importer(815301076,1909f56bfc062723c751e8b465ee728b)
Start importing Assets/Prefabs/Elements/Carbon.prefab using Guid(fe2f693b570770f4bbe522e1bcb6554c) Importer(815301076,1909f56bfc062723c751e8b465ee728b)  -> (artifact id: '7ddf82bb00c86bdf6f8de7081b33c1ac') in 0.038566 seconds 
  Import took 0.043213 seconds .

========================================================================
Received Import Request.
  Time since last request: 2.398354 seconds.
  path: Assets/Prefabs/Elements/Carbon.prefab
  artifactKey: Guid(fe2f693b570770f4bbe522e1bcb6554c) Importer(815301076,1909f56bfc062723c751e8b465ee728b)
Start importing Assets/Prefabs/Elements/Carbon.prefab using Guid(fe2f693b570770f4bbe522e1bcb6554c) Importer(815301076,1909f56bfc062723c751e8b465ee728b)  -> (artifact id: 'eeedcd4af6feec4f869ba0f72741af72') in 0.021879 seconds 
  Import took 0.031023 seconds .

========================================================================
Received Import Request.
  Time since last request: 2.004212 seconds.
  path: Assets/Prefabs/Elements/Carbon.prefab
  artifactKey: Guid(fe2f693b570770f4bbe522e1bcb6554c) Importer(815301076,1909f56bfc062723c751e8b465ee728b)
Start importing Assets/Prefabs/Elements/Carbon.prefab using Guid(fe2f693b570770f4bbe522e1bcb6554c) Importer(815301076,1909f56bfc062723c751e8b465ee728b)  -> (artifact id: 'fe9fee3d4b6d4b34abe698ffa26ef7b8') in 0.016997 seconds 
  Import took 0.021396 seconds .

========================================================================
Received Import Request.
  Time since last request: 12.534404 seconds.
  path: Assets/Prefabs/Elements/Carbon.prefab
  artifactKey: Guid(fe2f693b570770f4bbe522e1bcb6554c) Importer(815301076,1909f56bfc062723c751e8b465ee728b)
Start importing Assets/Prefabs/Elements/Carbon.prefab using Guid(fe2f693b570770f4bbe522e1bcb6554c) Importer(815301076,1909f56bfc062723c751e8b465ee728b)  -> (artifact id: 'ef352280e7c29d5537d1d846f6de55c9') in 0.028400 seconds 
  Import took 0.034553 seconds .

========================================================================
Received Import Request.
  Time since last request: 8.084637 seconds.
  path: Assets/Prefabs/Elements/Carbon.prefab
  artifactKey: Guid(fe2f693b570770f4bbe522e1bcb6554c) Importer(815301076,1909f56bfc062723c751e8b465ee728b)
Start importing Assets/Prefabs/Elements/Carbon.prefab using Guid(fe2f693b570770f4bbe522e1bcb6554c) Importer(815301076,1909f56bfc062723c751e8b465ee728b)  -> (artifact id: 'ad59ae05e42b49f0555491c3a7436ac4') in 0.031271 seconds 
  Import took 0.036201 seconds .

========================================================================
Received Import Request.
  Time since last request: 8.667246 seconds.
  path: Assets/Prefabs/Elements/Carbon.prefab
  artifactKey: Guid(fe2f693b570770f4bbe522e1bcb6554c) Importer(815301076,1909f56bfc062723c751e8b465ee728b)
Start importing Assets/Prefabs/Elements/Carbon.prefab using Guid(fe2f693b570770f4bbe522e1bcb6554c) Importer(815301076,1909f56bfc062723c751e8b465ee728b)  -> (artifact id: '03f52785e7f32e7796c32baa9f770d28') in 0.014712 seconds 
  Import took 0.019586 seconds .

========================================================================
Received Import Request.
  Time since last request: 12.719082 seconds.
  path: Assets/Prefabs/Elements/Carbon.prefab
  artifactKey: Guid(fe2f693b570770f4bbe522e1bcb6554c) Importer(815301076,1909f56bfc062723c751e8b465ee728b)
Start importing Assets/Prefabs/Elements/Carbon.prefab using Guid(fe2f693b570770f4bbe522e1bcb6554c) Importer(815301076,1909f56bfc062723c751e8b465ee728b)  -> (artifact id: '42cadb54bfdf76a465b56a83e14616a7') in 0.021993 seconds 
  Import took 0.026513 seconds .

========================================================================
Received Import Request.
  Time since last request: 7.245796 seconds.
  path: Assets/Prefabs/Elements/Carbon.prefab
  artifactKey: Guid(fe2f693b570770f4bbe522e1bcb6554c) Importer(815301076,1909f56bfc062723c751e8b465ee728b)
Start importing Assets/Prefabs/Elements/Carbon.prefab using Guid(fe2f693b570770f4bbe522e1bcb6554c) Importer(815301076,1909f56bfc062723c751e8b465ee728b)  -> (artifact id: 'cb6fe7f6a78d5a88d1f35aede87814c3') in 0.021074 seconds 
  Import took 0.025607 seconds .

========================================================================
Received Import Request.
  Time since last request: 6.588226 seconds.
  path: Assets/Prefabs/Elements/Carbon.prefab
  artifactKey: Guid(fe2f693b570770f4bbe522e1bcb6554c) Importer(815301076,1909f56bfc062723c751e8b465ee728b)
Start importing Assets/Prefabs/Elements/Carbon.prefab using Guid(fe2f693b570770f4bbe522e1bcb6554c) Importer(815301076,1909f56bfc062723c751e8b465ee728b)  -> (artifact id: '53b61e0dd85468ee3655db5f33b30829') in 0.021972 seconds 
  Import took 0.027197 seconds .

========================================================================
Received Import Request.
  Time since last request: 6.885652 seconds.
  path: Assets/Prefabs/Elements/Carbon.prefab
  artifactKey: Guid(fe2f693b570770f4bbe522e1bcb6554c) Importer(815301076,1909f56bfc062723c751e8b465ee728b)
Start importing Assets/Prefabs/Elements/Carbon.prefab using Guid(fe2f693b570770f4bbe522e1bcb6554c) Importer(815301076,1909f56bfc062723c751e8b465ee728b)  -> (artifact id: 'bf2f980562e0330ea17698bf87c62744') in 0.027638 seconds 
  Import took 0.032839 seconds .

========================================================================
Received Import Request.
  Time since last request: 2.141429 seconds.
  path: Assets/Prefabs/Elements/Carbon.prefab
  artifactKey: Guid(fe2f693b570770f4bbe522e1bcb6554c) Importer(815301076,1909f56bfc062723c751e8b465ee728b)
Start importing Assets/Prefabs/Elements/Carbon.prefab using Guid(fe2f693b570770f4bbe522e1bcb6554c) Importer(815301076,1909f56bfc062723c751e8b465ee728b)  -> (artifact id: '7334257d3d8d4c89b64f15605b63bb8b') in 0.023527 seconds 
  Import took 0.029132 seconds .

========================================================================
Received Import Request.
  Time since last request: 3.610123 seconds.
  path: Assets/Prefabs/Elements/Carbon.prefab
  artifactKey: Guid(fe2f693b570770f4bbe522e1bcb6554c) Importer(815301076,1909f56bfc062723c751e8b465ee728b)
Start importing Assets/Prefabs/Elements/Carbon.prefab using Guid(fe2f693b570770f4bbe522e1bcb6554c) Importer(815301076,1909f56bfc062723c751e8b465ee728b)  -> (artifact id: '9fc57b64e4c174082d6ecdbe47210a5d') in 0.021864 seconds 
  Import took 0.026605 seconds .

========================================================================
Received Import Request.
  Time since last request: 40.240913 seconds.
  path: Assets/Prefabs/Elements/Carbon.prefab
  artifactKey: Guid(fe2f693b570770f4bbe522e1bcb6554c) Importer(815301076,1909f56bfc062723c751e8b465ee728b)
Start importing Assets/Prefabs/Elements/Carbon.prefab using Guid(fe2f693b570770f4bbe522e1bcb6554c) Importer(815301076,1909f56bfc062723c751e8b465ee728b)  -> (artifact id: '7db67548ec08615fd667b63333b2940a') in 0.030501 seconds 
  Import took 0.038518 seconds .

========================================================================
Received Import Request.
  Time since last request: 23.338237 seconds.
  path: Assets/Materials
  artifactKey: Guid(c38c59e1d72a9194ca2d0ecbaaad682d) Importer(815301076,1909f56bfc062723c751e8b465ee728b)
Start importing Assets/Materials using Guid(c38c59e1d72a9194ca2d0ecbaaad682d) Importer(815301076,1909f56bfc062723c751e8b465ee728b)  -> (artifact id: '22b611c419a0b0a6abe7edcc598707e9') in 0.010546 seconds 
  Import took 0.015063 seconds .

========================================================================
Received Import Request.
  Time since last request: 1.957251 seconds.
  path: Assets/Materials/Elements
  artifactKey: Guid(03649b9d3412a434b8dfa650d4b1d11a) Importer(815301076,1909f56bfc062723c751e8b465ee728b)
Start importing Assets/Materials/Elements using Guid(03649b9d3412a434b8dfa650d4b1d11a) Importer(815301076,1909f56bfc062723c751e8b465ee728b)  -> (artifact id: 'e65beaada627309ed17232cbc2b853c0') in 0.011826 seconds 
  Import took 0.016563 seconds .

AssetImportWorkerClient::OnTransportError - code=2 error=End of file
